22-07-18 17:23:03.524 - INFO:   name: DANx4_setting1
  use_tb_logger: True
  model: blind
  distortion: sr
  scale: 4
  gpu_ids: [0]
  pca_matrix_path: ../../../pca_matrix/DANv2/pca_aniso_matrix_x4.pth
  degradation:[
    random_kernel: True
    ksize: 21
    code_length: 10
    sig_min: 0.7
    sig_max: 10
    rate_iso: 0
    random_disturb: False
  ]
  datasets:[
    train:[
      name: DIV2K
      mode: GT
      dataroot_GT: C:\Users\Dooly\Desktop\DAN\DAN\codes\data\train
      datatype: img
      use_shuffle: True
      n_workers: 8
      batch_size: 8
      GT_size: 196
      LR_size: None
      use_flip: True
      use_rot: True
      color: RGB
      phase: train
      scale: 4
      data_type: img
    ]
    val:[
      name: REDS4
      mode: GT
      datatype: img
      dataroot_GT: C:\Users\Dooly\Desktop\DAN\DAN\codes\data\val
      dataroot_LQ: /data/Set5/x4LRblur.lmdb
      phase: val
      scale: 4
      data_type: lmdb
    ]
  ]
  network_G:[
    which_model_G: DAN
    setting:[
      nf: 64
      nb: 10
      ng: 5
      input_para: 10
      loop: 4
      kernel_size: 21
      pca_matrix_path: ../../../pca_matrix/DANv2/pca_aniso_matrix_x4.pth
      upscale: 4
    ]
  ]
  path:[
    pretrain_model_G: None
    strict_load: True
    resume_state: None
    root: C:\Users\Dooly\Desktop\DAN\DAN
    experiments_root: C:\Users\Dooly\Desktop\DAN\DAN\experiments\DANv1\DANx4_setting1
    models: C:\Users\Dooly\Desktop\DAN\DAN\experiments\DANv1\DANx4_setting1\models
    training_state: C:\Users\Dooly\Desktop\DAN\DAN\experiments\DANv1\DANx4_setting1\training_state
    log: C:\Users\Dooly\Desktop\DAN\DAN\experiments\DANv1\DANx4_setting1
    val_images: C:\Users\Dooly\Desktop\DAN\DAN\experiments\DANv1\DANx4_setting1\val_images
  ]
  train:[
    lr_G: 0.0004
    lr_scheme: MultiStepLR
    beta1: 0.9
    beta2: 0.99
    niter: 300000
    warmup_iter: -1
    lr_steps: [100000, 150000, 200000, 250000]
    lr_gamma: 0.5
    eta_min: 1e-07
    pixel_criterion: l1
    pixel_weight: 1.0
    manual_seed: 0
    val_freq: 2500.0
  ]
  logger:[
    print_freq: 20
    save_checkpoint_freq: 2500.0
  ]
  is_train: True
  dist: False

22-07-18 17:23:06.393 - INFO: Dataset [GTDataset - DIV2K] is created.
22-07-18 17:23:06.393 - INFO: Number of train images: 24,000, iters: 3,000
22-07-18 17:23:06.393 - INFO: Total epochs needed: 100 for iters 300,000
22-07-18 17:23:06.396 - INFO: Dataset [GTDataset - REDS4] is created.
22-07-18 17:23:06.396 - INFO: Number of val images in [REDS4]: 400
